<?xml version="1.0" encoding="UTF-8" ?>
<testsuite tests="2" failures="0" name="businesslogic.login.TestLogin" time="0" errors="0" skipped="0">
  <properties>
    <property name="java.runtime.name" value="Java(TM) SE Runtime Environment"/>
    <property name="sun.boot.library.path" value="D:\eclipse\JDK\jre\bin"/>
    <property name="java.vm.version" value="25.77-b03"/>
    <property name="java.vm.vendor" value="Oracle Corporation"/>
    <property name="maven.multiModuleProjectDirectory" value="D:\软工\未来道具实验室\HotelOrderSystem\MVNHotelOrderClient"/>
    <property name="java.vendor.url" value="http://java.oracle.com/"/>
    <property name="path.separator" value=";"/>
    <property name="guice.disable.misplaced.annotation.check" value="true"/>
    <property name="java.vm.name" value="Java HotSpot(TM) Client VM"/>
    <property name="file.encoding.pkg" value="sun.io"/>
    <property name="user.script" value=""/>
    <property name="user.country" value="CN"/>
    <property name="sun.java.launcher" value="SUN_STANDARD"/>
    <property name="sun.os.patch.level" value=""/>
    <property name="java.vm.specification.name" value="Java Virtual Machine Specification"/>
    <property name="user.dir" value="D:\软工\未来道具实验室\HotelOrderSystem\MVNHotelOrderClient"/>
    <property name="java.runtime.version" value="1.8.0_77-b03"/>
    <property name="java.awt.graphicsenv" value="sun.awt.Win32GraphicsEnvironment"/>
    <property name="java.endorsed.dirs" value="D:\eclipse\JDK\jre\lib\endorsed"/>
    <property name="os.arch" value="x86"/>
    <property name="java.io.tmpdir" value="C:\Users\asus-a\AppData\Local\Temp\"/>
    <property name="line.separator" value="
"/>
    <property name="java.vm.specification.vendor" value="Oracle Corporation"/>
    <property name="user.variant" value=""/>
    <property name="os.name" value="Windows 8.1"/>
    <property name="classworlds.conf" value="D:\eclipse\eclipse\workspace\.metadata\.plugins\org.eclipse.m2e.launching\launches\m2conf6609899667295621613.tmp"/>
    <property name="sun.jnu.encoding" value="GBK"/>
    <property name="java.library.path" value="D:\eclipse\JDK\bin;C:\Windows\Sun\Java\bin;C:\Windows\system32;C:\Windows;D:/eclipse/eclipse/JRE1.8/bin/server;D:/eclipse/eclipse/JRE1.8/bin;D:/eclipse/eclipse/JRE1.8/lib/amd64;.;C:\ProgramData\Oracle\Java\javapath;C:\Windows\System32;C:\Windows;C:\Windows\system32\WBEM;D:\eclipse\JDK\bin;D:\eclipse\JDK\jre\bin;D:\eclipse\Inno Setup\Inno Setup 5;D:\eclipse\eclipse for c++\mingw\bin;D:\eclipse\eclipse for c++\mingw\mingw32\bin;D:\eclipse\eclipse for c++\mingw;C:\Users\asus-a\AppData\Roaming\npm;C:\Users\asus-a\Desktop;;."/>
    <property name="java.specification.name" value="Java Platform API Specification"/>
    <property name="java.class.version" value="52.0"/>
    <property name="sun.management.compiler" value="HotSpot Client Compiler"/>
    <property name="os.version" value="6.3"/>
    <property name="user.home" value="C:\Users\asus-a"/>
    <property name="user.timezone" value="Asia/Shanghai"/>
    <property name="java.awt.printerjob" value="sun.awt.windows.WPrinterJob"/>
    <property name="java.specification.version" value="1.8"/>
    <property name="file.encoding" value="GBK"/>
    <property name="user.name" value="asus-a"/>
    <property name="java.class.path" value="/C:/Users/asus-a/.p2/pool/plugins/org.eclipse.m2e.maven.runtime_1.6.2.20150902-0001/jars/plexus-classworlds-2.5.2.jar"/>
    <property name="java.vm.specification.version" value="1.8"/>
    <property name="sun.arch.data.model" value="32"/>
    <property name="java.home" value="D:\eclipse\JDK\jre"/>
    <property name="sun.java.command" value="org.codehaus.plexus.classworlds.launcher.Launcher -B test"/>
    <property name="java.specification.vendor" value="Oracle Corporation"/>
    <property name="user.language" value="zh"/>
    <property name="awt.toolkit" value="sun.awt.windows.WToolkit"/>
    <property name="java.vm.info" value="mixed mode, sharing"/>
    <property name="java.version" value="1.8.0_77"/>
    <property name="java.ext.dirs" value="D:\eclipse\JDK\jre\lib\ext;C:\Windows\Sun\Java\lib\ext"/>
    <property name="sun.boot.class.path" value="D:\eclipse\JDK\jre\lib\resources.jar;D:\eclipse\JDK\jre\lib\rt.jar;D:\eclipse\JDK\jre\lib\sunrsasign.jar;D:\eclipse\JDK\jre\lib\jsse.jar;D:\eclipse\JDK\jre\lib\jce.jar;D:\eclipse\JDK\jre\lib\charsets.jar;D:\eclipse\JDK\jre\lib\jfr.jar;D:\eclipse\JDK\jre\classes"/>
    <property name="java.vendor" value="Oracle Corporation"/>
    <property name="maven.home" value="D:\软工\未来道具实验室\HotelOrderSystem\MVNHotelOrderClient\EMBEDDED"/>
    <property name="file.separator" value="\"/>
    <property name="java.vendor.url.bug" value="http://bugreport.sun.com/bugreport/"/>
    <property name="sun.cpu.endian" value="little"/>
    <property name="sun.io.unicode.encoding" value="UnicodeLittle"/>
    <property name="sun.desktop" value="windows"/>
    <property name="sun.cpu.isalist" value="pentium_pro+mmx pentium_pro pentium+mmx pentium i486 i386 i86"/>
  </properties>
  <testcase classname="businesslogic.login.TestLogin" name="testGetState" time="0"/>
  <testcase classname="businesslogic.login.TestLogin" name="testLogin" time="0"/>
</testsuite>