<?xml version="1.0" encoding="UTF-8" ?>
<testsuite tests="1" failures="0" name="businesslogicservice.impl.TestLoginEXP" time="0" errors="0" skipped="0">
  <properties>
    <property name="java.runtime.name" value="Java(TM) SE Runtime Environment"/>
<<<<<<< Updated upstream
    <property name="sun.boot.library.path" value="D:\eclipse\JDK\jre\bin"/>
    <property name="java.vm.version" value="25.77-b03"/>
    <property name="java.vm.vendor" value="Oracle Corporation"/>
    <property name="maven.multiModuleProjectDirectory" value="D:\软工\未来道具实验室\HotelOrderSystem\MVNHotelOrderClient"/>
=======
<<<<<<< Updated upstream
    <property name="sun.boot.library.path" value="C:\Program Files\Java\jdk1.8.0_112\jre\bin"/>
    <property name="java.vm.version" value="25.112-b15"/>
    <property name="java.vm.vendor" value="Oracle Corporation"/>
    <property name="maven.multiModuleProjectDirectory" value="C:\Users\13129\Documents\GitHub\HotelOrderSystem\MVNHotelOrderClient"/>
=======
    <property name="sun.boot.library.path" value="/Library/Java/JavaVirtualMachines/jdk1.8.0_101.jdk/Contents/Home/jre/lib"/>
    <property name="java.vm.version" value="25.101-b13"/>
    <property name="gopherProxySet" value="false"/>
    <property name="java.vm.vendor" value="Oracle Corporation"/>
    <property name="maven.multiModuleProjectDirectory" value="/Users/wshwbluebird/javaNeon/HotelOrderSystem/MVNHotelOrderClient"/>
>>>>>>> Stashed changes
>>>>>>> Stashed changes
    <property name="java.vendor.url" value="http://java.oracle.com/"/>
    <property name="path.separator" value=";"/>
    <property name="guice.disable.misplaced.annotation.check" value="true"/>
    <property name="java.vm.name" value="Java HotSpot(TM) Client VM"/>
    <property name="file.encoding.pkg" value="sun.io"/>
    <property name="user.script" value=""/>
    <property name="user.country" value="CN"/>
    <property name="sun.java.launcher" value="SUN_STANDARD"/>
    <property name="sun.os.patch.level" value=""/>
    <property name="java.vm.specification.name" value="Java Virtual Machine Specification"/>
<<<<<<< Updated upstream
    <property name="user.dir" value="D:\软工\未来道具实验室\HotelOrderSystem\MVNHotelOrderClient"/>
    <property name="java.runtime.version" value="1.8.0_77-b03"/>
=======
<<<<<<< Updated upstream
    <property name="user.dir" value="C:\Users\13129\Documents\GitHub\HotelOrderSystem\MVNHotelOrderClient"/>
    <property name="java.runtime.version" value="1.8.0_112-b15"/>
>>>>>>> Stashed changes
    <property name="java.awt.graphicsenv" value="sun.awt.Win32GraphicsEnvironment"/>
    <property name="java.endorsed.dirs" value="D:\eclipse\JDK\jre\lib\endorsed"/>
    <property name="os.arch" value="x86"/>
    <property name="java.io.tmpdir" value="C:\Users\asus-a\AppData\Local\Temp\"/>
    <property name="line.separator" value="
"/>
    <property name="java.vm.specification.vendor" value="Oracle Corporation"/>
    <property name="user.variant" value=""/>
    <property name="os.name" value="Windows 8.1"/>
    <property name="classworlds.conf" value="D:\eclipse\eclipse\workspace\.metadata\.plugins\org.eclipse.m2e.launching\launches\m2conf7369758734369867938.tmp"/>
    <property name="sun.jnu.encoding" value="GBK"/>
    <property name="java.library.path" value="D:\eclipse\JDK\bin;C:\Windows\Sun\Java\bin;C:\Windows\system32;C:\Windows;D:/eclipse/eclipse/JRE1.8/bin/server;D:/eclipse/eclipse/JRE1.8/bin;D:/eclipse/eclipse/JRE1.8/lib/amd64;.;C:\ProgramData\Oracle\Java\javapath;C:\Windows\System32;C:\Windows;C:\Windows\system32\WBEM;D:\eclipse\JDK\bin;D:\eclipse\JDK\jre\bin;D:\eclipse\Inno Setup\Inno Setup 5;D:\eclipse\eclipse for c++\mingw\bin;D:\eclipse\eclipse for c++\mingw\mingw32\bin;D:\eclipse\eclipse for c++\mingw;C:\Users\asus-a\AppData\Roaming\npm;C:\Users\asus-a\Desktop;;."/>
    <property name="java.specification.name" value="Java Platform API Specification"/>
    <property name="java.class.version" value="52.0"/>
<<<<<<< Updated upstream
    <property name="sun.management.compiler" value="HotSpot Client Compiler"/>
    <property name="os.version" value="6.3"/>
    <property name="user.home" value="C:\Users\asus-a"/>
=======
    <property name="sun.management.compiler" value="HotSpot 64-Bit Tiered Compilers"/>
    <property name="os.version" value="10.0"/>
    <property name="user.home" value="C:\Users\13129"/>
=======
    <property name="user.dir" value="/Users/wshwbluebird/javaNeon/HotelOrderSystem/MVNHotelOrderClient"/>
    <property name="java.runtime.version" value="1.8.0_101-b13"/>
    <property name="java.awt.graphicsenv" value="sun.awt.CGraphicsEnvironment"/>
    <property name="java.endorsed.dirs" value="/Library/Java/JavaVirtualMachines/jdk1.8.0_101.jdk/Contents/Home/jre/lib/endorsed"/>
    <property name="os.arch" value="x86_64"/>
    <property name="java.io.tmpdir" value="/var/folders/61/ky80s7tx7159dzdccnvrdc2w0000gn/T/"/>
    <property name="line.separator" value="
"/>
    <property name="java.vm.specification.vendor" value="Oracle Corporation"/>
    <property name="os.name" value="Mac OS X"/>
    <property name="classworlds.conf" value="/Users/wshwbluebird/java/.metadata/.plugins/org.eclipse.m2e.launching/launches/m2conf1811076054825311063.tmp"/>
    <property name="sun.jnu.encoding" value="UTF-8"/>
    <property name="java.library.path" value="/Users/wshwbluebird/Library/Java/Extensions:/Library/Java/Extensions:/Network/Library/Java/Extensions:/System/Library/Java/Extensions:/usr/lib/java:."/>
    <property name="java.specification.name" value="Java Platform API Specification"/>
    <property name="java.class.version" value="52.0"/>
    <property name="sun.management.compiler" value="HotSpot 64-Bit Tiered Compilers"/>
    <property name="os.version" value="10.12"/>
    <property name="http.nonProxyHosts" value="local|*.local|169.254/16|*.169.254/16"/>
    <property name="user.home" value="/Users/wshwbluebird"/>
>>>>>>> Stashed changes
>>>>>>> Stashed changes
    <property name="user.timezone" value="Asia/Shanghai"/>
    <property name="java.awt.printerjob" value="sun.awt.windows.WPrinterJob"/>
    <property name="java.specification.version" value="1.8"/>
    <property name="file.encoding" value="UTF-8"/>
<<<<<<< Updated upstream
    <property name="user.name" value="asus-a"/>
    <property name="java.class.path" value="/C:/Users/asus-a/.p2/pool/plugins/org.eclipse.m2e.maven.runtime_1.6.2.20150902-0001/jars/plexus-classworlds-2.5.2.jar"/>
=======
<<<<<<< Updated upstream
    <property name="user.name" value="13129"/>
    <property name="java.class.path" value="/C:/Users/13129/eclipse/java-neon/eclipse/../../../.p2/pool/plugins/org.eclipse.m2e.maven.runtime_1.7.0.20160603-1931/jars/plexus-classworlds-2.5.2.jar"/>
=======
    <property name="user.name" value="wshwbluebird"/>
    <property name="java.class.path" value="/Users/wshwbluebird/eclipse/jee-mars2/Eclipse.app/Contents/MacOS/../../../../../.p2/pool/plugins/org.eclipse.m2e.maven.runtime_1.6.2.20150902-0001/jars/plexus-classworlds-2.5.2.jar"/>
>>>>>>> Stashed changes
>>>>>>> Stashed changes
    <property name="java.vm.specification.version" value="1.8"/>
    <property name="sun.arch.data.model" value="32"/>
    <property name="java.home" value="D:\eclipse\JDK\jre"/>
    <property name="sun.java.command" value="org.codehaus.plexus.classworlds.launcher.Launcher -B test"/>
    <property name="java.specification.vendor" value="Oracle Corporation"/>
    <property name="user.language" value="zh"/>
    <property name="awt.toolkit" value="sun.awt.windows.WToolkit"/>
    <property name="java.vm.info" value="mixed mode, sharing"/>
    <property name="java.version" value="1.8.0_77"/>
    <property name="java.ext.dirs" value="D:\eclipse\JDK\jre\lib\ext;C:\Windows\Sun\Java\lib\ext"/>
    <property name="sun.boot.class.path" value="D:\eclipse\JDK\jre\lib\resources.jar;D:\eclipse\JDK\jre\lib\rt.jar;D:\eclipse\JDK\jre\lib\sunrsasign.jar;D:\eclipse\JDK\jre\lib\jsse.jar;D:\eclipse\JDK\jre\lib\jce.jar;D:\eclipse\JDK\jre\lib\charsets.jar;D:\eclipse\JDK\jre\lib\jfr.jar;D:\eclipse\JDK\jre\classes"/>
    <property name="java.vendor" value="Oracle Corporation"/>
    <property name="maven.home" value="D:\软工\未来道具实验室\HotelOrderSystem\MVNHotelOrderClient\EMBEDDED"/>
    <property name="file.separator" value="\"/>
    <property name="java.vendor.url.bug" value="http://bugreport.sun.com/bugreport/"/>
    <property name="sun.cpu.endian" value="little"/>
<<<<<<< Updated upstream
    <property name="sun.io.unicode.encoding" value="UnicodeLittle"/>
    <property name="sun.desktop" value="windows"/>
<<<<<<< Updated upstream
    <property name="sun.cpu.isalist" value="pentium_pro+mmx pentium_pro pentium+mmx pentium i486 i386 i86"/>
=======
    <property name="sun.cpu.isalist" value="amd64"/>
=======
    <property name="sun.io.unicode.encoding" value="UnicodeBig"/>
    <property name="socksNonProxyHosts" value="local|*.local|169.254/16|*.169.254/16"/>
    <property name="ftp.nonProxyHosts" value="local|*.local|169.254/16|*.169.254/16"/>
    <property name="sun.cpu.isalist" value=""/>
>>>>>>> Stashed changes
>>>>>>> Stashed changes
  </properties>
  <testcase classname="businesslogicservice.impl.TestLoginEXP" name="test" time="0"/>
</testsuite>